<testsuites id="" name="" tests="1" failures="1" skipped="0" errors="0" time="22.522111999999996">
<testsuite name="specs/13-console-errors.spec.ts" timestamp="2025-07-12T05:26:14.635Z" hostname="chromium" tests="1" failures="1" skipped="0" time="21.395" errors="0">
<testcase name="Console Error Check â€º should check for console errors on Studio page" classname="specs/13-console-errors.spec.ts" time="21.395">
<failure message="13-console-errors.spec.ts:4:3 should check for console errors on Studio page" type="FAILURE">
<![CDATA[  [chromium] â€º specs/13-console-errors.spec.ts:4:3 â€º Console Error Check â€º should check for console errors on Studio page 

    TimeoutError: locator.click: Timeout 10000ms exceeded.
    Call log:
      - waiting for getByRole('link', { name: 'Studio', exact: true })


      22 |     
      23 |     // Navigate to Studio
    > 24 |     await page.getByRole('link', { name: 'Studio', exact: true }).click();
         |                                                                   ^
      25 |     await page.waitForURL('**/studio', { timeout: 5000 });
      26 |     
      27 |     // Wait a bit for any async errors
        at /Users/homeserver/ai-creative-team/projects/genshi-studio/tests/e2e/specs/13-console-errors.spec.ts:24:67

    attachment #1: screenshot (image/png) â”€â”€â”€â”€â”€â”€â”€â”€â”€â”€â”€â”€â”€â”€â”€â”€â”€â”€â”€â”€â”€â”€â”€â”€â”€â”€â”€â”€â”€â”€â”€â”€â”€â”€â”€â”€â”€â”€â”€â”€â”€â”€â”€â”€â”€â”€â”€â”€â”€â”€â”€â”€â”€â”€â”€â”€â”€â”€
    tests/results/specs-13-console-errors-Co-884d6-nsole-errors-on-Studio-page-chromium/test-failed-1.png
    â”€â”€â”€â”€â”€â”€â”€â”€â”€â”€â”€â”€â”€â”€â”€â”€â”€â”€â”€â”€â”€â”€â”€â”€â”€â”€â”€â”€â”€â”€â”€â”€â”€â”€â”€â”€â”€â”€â”€â”€â”€â”€â”€â”€â”€â”€â”€â”€â”€â”€â”€â”€â”€â”€â”€â”€â”€â”€â”€â”€â”€â”€â”€â”€â”€â”€â”€â”€â”€â”€â”€â”€â”€â”€â”€â”€â”€â”€â”€â”€â”€â”€â”€â”€â”€â”€â”€â”€â”€â”€â”€â”€â”€â”€â”€â”€

    attachment #2: video (video/webm) â”€â”€â”€â”€â”€â”€â”€â”€â”€â”€â”€â”€â”€â”€â”€â”€â”€â”€â”€â”€â”€â”€â”€â”€â”€â”€â”€â”€â”€â”€â”€â”€â”€â”€â”€â”€â”€â”€â”€â”€â”€â”€â”€â”€â”€â”€â”€â”€â”€â”€â”€â”€â”€â”€â”€â”€â”€â”€â”€â”€â”€â”€
    tests/results/specs-13-console-errors-Co-884d6-nsole-errors-on-Studio-page-chromium/video.webm
    â”€â”€â”€â”€â”€â”€â”€â”€â”€â”€â”€â”€â”€â”€â”€â”€â”€â”€â”€â”€â”€â”€â”€â”€â”€â”€â”€â”€â”€â”€â”€â”€â”€â”€â”€â”€â”€â”€â”€â”€â”€â”€â”€â”€â”€â”€â”€â”€â”€â”€â”€â”€â”€â”€â”€â”€â”€â”€â”€â”€â”€â”€â”€â”€â”€â”€â”€â”€â”€â”€â”€â”€â”€â”€â”€â”€â”€â”€â”€â”€â”€â”€â”€â”€â”€â”€â”€â”€â”€â”€â”€â”€â”€â”€â”€â”€

    Error Context: ../results/specs-13-console-errors-Co-884d6-nsole-errors-on-Studio-page-chromium/error-context.md

    Retry #1 â”€â”€â”€â”€â”€â”€â”€â”€â”€â”€â”€â”€â”€â”€â”€â”€â”€â”€â”€â”€â”€â”€â”€â”€â”€â”€â”€â”€â”€â”€â”€â”€â”€â”€â”€â”€â”€â”€â”€â”€â”€â”€â”€â”€â”€â”€â”€â”€â”€â”€â”€â”€â”€â”€â”€â”€â”€â”€â”€â”€â”€â”€â”€â”€â”€â”€â”€â”€â”€â”€â”€â”€â”€â”€â”€â”€â”€â”€â”€â”€â”€â”€â”€â”€â”€â”€â”€

    TimeoutError: locator.click: Timeout 10000ms exceeded.
    Call log:
      - waiting for getByRole('link', { name: 'Studio', exact: true })


      22 |     
      23 |     // Navigate to Studio
    > 24 |     await page.getByRole('link', { name: 'Studio', exact: true }).click();
         |                                                                   ^
      25 |     await page.waitForURL('**/studio', { timeout: 5000 });
      26 |     
      27 |     // Wait a bit for any async errors
        at /Users/homeserver/ai-creative-team/projects/genshi-studio/tests/e2e/specs/13-console-errors.spec.ts:24:67

    attachment #1: screenshot (image/png) â”€â”€â”€â”€â”€â”€â”€â”€â”€â”€â”€â”€â”€â”€â”€â”€â”€â”€â”€â”€â”€â”€â”€â”€â”€â”€â”€â”€â”€â”€â”€â”€â”€â”€â”€â”€â”€â”€â”€â”€â”€â”€â”€â”€â”€â”€â”€â”€â”€â”€â”€â”€â”€â”€â”€â”€â”€â”€
    tests/results/specs-13-console-errors-Co-884d6-nsole-errors-on-Studio-page-chromium-retry1/test-failed-1.png
    â”€â”€â”€â”€â”€â”€â”€â”€â”€â”€â”€â”€â”€â”€â”€â”€â”€â”€â”€â”€â”€â”€â”€â”€â”€â”€â”€â”€â”€â”€â”€â”€â”€â”€â”€â”€â”€â”€â”€â”€â”€â”€â”€â”€â”€â”€â”€â”€â”€â”€â”€â”€â”€â”€â”€â”€â”€â”€â”€â”€â”€â”€â”€â”€â”€â”€â”€â”€â”€â”€â”€â”€â”€â”€â”€â”€â”€â”€â”€â”€â”€â”€â”€â”€â”€â”€â”€â”€â”€â”€â”€â”€â”€â”€â”€â”€

    attachment #2: video (video/webm) â”€â”€â”€â”€â”€â”€â”€â”€â”€â”€â”€â”€â”€â”€â”€â”€â”€â”€â”€â”€â”€â”€â”€â”€â”€â”€â”€â”€â”€â”€â”€â”€â”€â”€â”€â”€â”€â”€â”€â”€â”€â”€â”€â”€â”€â”€â”€â”€â”€â”€â”€â”€â”€â”€â”€â”€â”€â”€â”€â”€â”€â”€
    tests/results/specs-13-console-errors-Co-884d6-nsole-errors-on-Studio-page-chromium-retry1/video.webm
    â”€â”€â”€â”€â”€â”€â”€â”€â”€â”€â”€â”€â”€â”€â”€â”€â”€â”€â”€â”€â”€â”€â”€â”€â”€â”€â”€â”€â”€â”€â”€â”€â”€â”€â”€â”€â”€â”€â”€â”€â”€â”€â”€â”€â”€â”€â”€â”€â”€â”€â”€â”€â”€â”€â”€â”€â”€â”€â”€â”€â”€â”€â”€â”€â”€â”€â”€â”€â”€â”€â”€â”€â”€â”€â”€â”€â”€â”€â”€â”€â”€â”€â”€â”€â”€â”€â”€â”€â”€â”€â”€â”€â”€â”€â”€â”€

    Error Context: ../results/specs-13-console-errors-Co-884d6-nsole-errors-on-Studio-page-chromium-retry1/error-context.md

    attachment #4: trace (application/zip) â”€â”€â”€â”€â”€â”€â”€â”€â”€â”€â”€â”€â”€â”€â”€â”€â”€â”€â”€â”€â”€â”€â”€â”€â”€â”€â”€â”€â”€â”€â”€â”€â”€â”€â”€â”€â”€â”€â”€â”€â”€â”€â”€â”€â”€â”€â”€â”€â”€â”€â”€â”€â”€â”€â”€â”€â”€
    tests/results/specs-13-console-errors-Co-884d6-nsole-errors-on-Studio-page-chromium-retry1/trace.zip
    Usage:

        npx playwright show-trace tests/results/specs-13-console-errors-Co-884d6-nsole-errors-on-Studio-page-chromium-retry1/trace.zip

    â”€â”€â”€â”€â”€â”€â”€â”€â”€â”€â”€â”€â”€â”€â”€â”€â”€â”€â”€â”€â”€â”€â”€â”€â”€â”€â”€â”€â”€â”€â”€â”€â”€â”€â”€â”€â”€â”€â”€â”€â”€â”€â”€â”€â”€â”€â”€â”€â”€â”€â”€â”€â”€â”€â”€â”€â”€â”€â”€â”€â”€â”€â”€â”€â”€â”€â”€â”€â”€â”€â”€â”€â”€â”€â”€â”€â”€â”€â”€â”€â”€â”€â”€â”€â”€â”€â”€â”€â”€â”€â”€â”€â”€â”€â”€â”€
]]>
</failure>
<system-out>
<![CDATA[Homepage console messages: [
  [32m'debug: [vite] connecting...'[39m,
  [32m'debug: [vite] connected.'[39m,
  [32m'info: %cDownload the React DevTools for a better development experience: https://reactjs.org/link/react-devtools font-weight:bold'[39m,
  [32m'log: i18next: languageChanged en-US'[39m,
  [32m'log: i18next: initialized {debug: true, initAsync: true, ns: Array(1), defaultNS: common, fallbackLng: Array(1)}'[39m,
  [32m'log: ðŸš€ FastArchitectureService initialized with baseUrl: /archi-site/data'[39m,
  [32m'log: ðŸ”§ Environment debug info:'[39m,
  [32m'log:   - import.meta.env.PROD: false'[39m,
  [32m'log:   - BASE_PATH: /archi-site'[39m,
  [32m'log:   - Database config URL: /archi-site/db/archimap.sqlite3.json'[39m,
  [32m'log: React ã‚¢ãƒ—ãƒªã‚±ãƒ¼ã‚·ãƒ§ãƒ³ã‚’åˆæœŸåŒ–ä¸­... development'[39m,
  [32m'log: DOM root element: JSHandle@node'[39m,
  [32m'log: Using HashRouter for GitHub Pages compatibility'[39m,
  [32m'log: React ã‚¢ãƒ—ãƒªã‚±ãƒ¼ã‚·ãƒ§ãƒ³ã®ãƒ¬ãƒ³ãƒ€ãƒªãƒ³ã‚°ãŒæˆåŠŸã—ã¾ã—ãŸ'[39m
]
Homepage errors: []

[[ATTACHMENT|../results/specs-13-console-errors-Co-884d6-nsole-errors-on-Studio-page-chromium/test-failed-1.png]]

[[ATTACHMENT|../results/specs-13-console-errors-Co-884d6-nsole-errors-on-Studio-page-chromium/video.webm]]

[[ATTACHMENT|../results/specs-13-console-errors-Co-884d6-nsole-errors-on-Studio-page-chromium/error-context.md]]
Homepage console messages: [
  [32m'debug: [vite] connecting...'[39m,
  [32m'debug: [vite] connected.'[39m,
  [32m'info: %cDownload the React DevTools for a better development experience: https://reactjs.org/link/react-devtools font-weight:bold'[39m,
  [32m'log: i18next: languageChanged en-US'[39m,
  [32m'log: i18next: initialized {debug: true, initAsync: true, ns: Array(1), defaultNS: common, fallbackLng: Array(1)}'[39m,
  [32m'log: ðŸš€ FastArchitectureService initialized with baseUrl: /archi-site/data'[39m,
  [32m'log: ðŸ”§ Environment debug info:'[39m,
  [32m'log:   - import.meta.env.PROD: false'[39m,
  [32m'log:   - BASE_PATH: /archi-site'[39m,
  [32m'log:   - Database config URL: /archi-site/db/archimap.sqlite3.json'[39m,
  [32m'log: React ã‚¢ãƒ—ãƒªã‚±ãƒ¼ã‚·ãƒ§ãƒ³ã‚’åˆæœŸåŒ–ä¸­... development'[39m,
  [32m'log: DOM root element: JSHandle@node'[39m,
  [32m'log: Using HashRouter for GitHub Pages compatibility'[39m,
  [32m'log: React ã‚¢ãƒ—ãƒªã‚±ãƒ¼ã‚·ãƒ§ãƒ³ã®ãƒ¬ãƒ³ãƒ€ãƒªãƒ³ã‚°ãŒæˆåŠŸã—ã¾ã—ãŸ'[39m,
  [32m'log: i18next::translator: missingKey en-US common navigation.analytics navigation.analytics'[39m,
  [32m'log: i18next::translator: missingKey en-US common navigation.analytics navigation.analytics'[39m,
  [32m'log: i18next::translator: missingKey en-US common navigation.analytics navigation.analytics'[39m,
  [32m'log: i18next::translator: missingKey en-US common navigation.analytics navigation.analytics'[39m,
  [32m'log: æœ€è¿‘ã®å»ºç¯‰ä½œå“ã‚’å–å¾—ä¸­...'[39m,
  [32m'log: æœ€è¿‘ã®å»ºç¯‰ä½œå“ã‚’å–å¾—ä¸­...'[39m,
  [32m'error: The above error occurred in the <App> component:\n'[39m +
    [32m'\n'[39m +
    [32m'    at App (http://localhost:3001/archi-site/src/App.tsx:370:45)\n'[39m +
    [32m'\n'[39m +
    [32m'Consider adding an error boundary to your tree to customize error handling behavior.\n'[39m +
    [32m'Visit https://reactjs.org/link/error-boundaries to learn more about error boundaries.'[39m,
  [32m'error: The above error occurred in the <App> component:\n'[39m +
    [32m'\n'[39m +
    [32m'    at App (http://localhost:3001/archi-site/src/App.tsx:370:45)\n'[39m +
    [32m'\n'[39m +
    [32m'Consider adding an error boundary to your tree to customize error handling behavior.\n'[39m +
    [32m'Visit https://reactjs.org/link/error-boundaries to learn more about error boundaries.'[39m
]
Homepage errors: [
  [32m'process is not defined'[39m,
  [32m'process is not defined'[39m,
  [32m'process is not defined'[39m,
  [32m'process is not defined'[39m,
  [32m'process is not defined'[39m
]

[[ATTACHMENT|../results/specs-13-console-errors-Co-884d6-nsole-errors-on-Studio-page-chromium-retry1/test-failed-1.png]]

[[ATTACHMENT|../results/specs-13-console-errors-Co-884d6-nsole-errors-on-Studio-page-chromium-retry1/video.webm]]

[[ATTACHMENT|../results/specs-13-console-errors-Co-884d6-nsole-errors-on-Studio-page-chromium-retry1/error-context.md]]

[[ATTACHMENT|../results/specs-13-console-errors-Co-884d6-nsole-errors-on-Studio-page-chromium-retry1/trace.zip]]
]]>
</system-out>
</testcase>
</testsuite>
</testsuites>